{
  "stats": {
    "suites": 1,
    "tests": 10,
    "passes": 10,
    "pending": 0,
    "failures": 0,
    "start": "2025-06-29T15:39:52.767Z",
    "end": "2025-06-29T15:39:57.423Z",
    "duration": 4656,
    "testsRegistered": 10,
    "passPercent": 100,
    "pendingPercent": 0,
    "other": 0,
    "hasOther": false,
    "skipped": 0,
    "hasSkipped": false
  },
  "results": [
    {
      "uuid": "2a156f40-eb34-4cd6-9476-2d3484fbb92b",
      "title": "",
      "fullFile": "cypress/e2e/pet-store/pet-store.cy.js",
      "file": "cypress/e2e/pet-store/pet-store.cy.js",
      "beforeHooks": [],
      "afterHooks": [],
      "tests": [],
      "suites": [
        {
          "uuid": "50482163-efab-42e7-8856-b0020393c44c",
          "title": "Petstore - CRUD & Validation",
          "fullFile": "",
          "file": "",
          "beforeHooks": [],
          "afterHooks": [],
          "tests": [
            {
              "title": "[Positive] Add new pet - Cat1 (PS-TC-001)",
              "fullTitle": "Petstore - CRUD & Validation [Positive] Add new pet - Cat1 (PS-TC-001)",
              "timedOut": null,
              "duration": 1331,
              "state": "passed",
              "speed": "fast",
              "pass": true,
              "fail": false,
              "pending": false,
              "context": null,
              "code": "cy.request({\n  method: \"POST\",\n  url: baseUrl + endpointPet,\n  body: pet1,\n  failOnStatusCode: false\n}).then(res => {\n  responseSuccessAddPet(res, pet1);\n  cy.log('RESPONSE: ' + JSON.stringify(res.body)); // untuk evidence di report\n});",
              "err": {},
              "uuid": "35e8203e-6eeb-4b72-9710-af3545eafb77",
              "parentUUID": "50482163-efab-42e7-8856-b0020393c44c",
              "isHook": false,
              "skipped": false
            },
            {
              "title": "[Positive] Add new pet - Cat2 (PS-TC-002)",
              "fullTitle": "Petstore - CRUD & Validation [Positive] Add new pet - Cat2 (PS-TC-002)",
              "timedOut": null,
              "duration": 280,
              "state": "passed",
              "speed": "fast",
              "pass": true,
              "fail": false,
              "pending": false,
              "context": null,
              "code": "cy.request({\n  method: \"POST\",\n  url: baseUrl + endpointPet,\n  body: pet2,\n  failOnStatusCode: false\n}).then(res => {\n  responseSuccessAddPet(res, pet2);\n  cy.log('RESPONSE: ' + JSON.stringify(res.body));\n});",
              "err": {},
              "uuid": "b7413a12-92af-4b01-9f44-be8b1bc31e62",
              "parentUUID": "50482163-efab-42e7-8856-b0020393c44c",
              "isHook": false,
              "skipped": false
            },
            {
              "title": "[Positive] Find pets by status \"available\" (PS-TC-003)",
              "fullTitle": "Petstore - CRUD & Validation [Positive] Find pets by status \"available\" (PS-TC-003)",
              "timedOut": null,
              "duration": 607,
              "state": "passed",
              "speed": "fast",
              "pass": true,
              "fail": false,
              "pending": false,
              "context": null,
              "code": "cy.request({\n  method: \"GET\",\n  url: baseUrl + endpointFindByStatus + '?status=available',\n  failOnStatusCode: false\n}).then(res => {\n  responseSuccessFindByStatus(res, 'available');\n  cy.log('RESPONSE: ' + JSON.stringify(res.body));\n});",
              "err": {},
              "uuid": "9794bd27-8df9-4455-9008-160d1bd6a52a",
              "parentUUID": "50482163-efab-42e7-8856-b0020393c44c",
              "isHook": false,
              "skipped": false
            },
            {
              "title": "[Positive] Find pets by status \"pending\" (PS-TC-004)",
              "fullTitle": "Petstore - CRUD & Validation [Positive] Find pets by status \"pending\" (PS-TC-004)",
              "timedOut": null,
              "duration": 378,
              "state": "passed",
              "speed": "fast",
              "pass": true,
              "fail": false,
              "pending": false,
              "context": null,
              "code": "cy.request({\n  method: \"GET\",\n  url: baseUrl + endpointFindByStatus + '?status=pending',\n  failOnStatusCode: false\n}).then(res => {\n  responseSuccessFindByStatus(res, 'pending');\n  cy.log('RESPONSE: ' + JSON.stringify(res.body));\n});",
              "err": {},
              "uuid": "e2da30c2-6902-40c1-ae15-dec521e33417",
              "parentUUID": "50482163-efab-42e7-8856-b0020393c44c",
              "isHook": false,
              "skipped": false
            },
            {
              "title": "[Positive] Get pet by ID after add (Cat1) (PS-TC-005)",
              "fullTitle": "Petstore - CRUD & Validation [Positive] Get pet by ID after add (Cat1) (PS-TC-005)",
              "timedOut": null,
              "duration": 554,
              "state": "passed",
              "speed": "fast",
              "pass": true,
              "fail": false,
              "pending": false,
              "context": null,
              "code": "cy.request({\n  method: \"POST\",\n  url: baseUrl + endpointPet,\n  body: pet1,\n  failOnStatusCode: false\n}).then(() => {\n  cy.request({\n    method: \"GET\",\n    url: baseUrl + endpointPet + '/' + pet1.id,\n    failOnStatusCode: false\n  }).then(res => {\n    responseSuccessFindById(res, pet1);\n    cy.log('RESPONSE: ' + JSON.stringify(res.body));\n  });\n});",
              "err": {},
              "uuid": "cc2cd8fa-7d17-46b8-8160-abee3114f336",
              "parentUUID": "50482163-efab-42e7-8856-b0020393c44c",
              "isHook": false,
              "skipped": false
            },
            {
              "title": "[Negative] Get pet by non-existing ID returns error (PS-TC-006)",
              "fullTitle": "Petstore - CRUD & Validation [Negative] Get pet by non-existing ID returns error (PS-TC-006)",
              "timedOut": null,
              "duration": 272,
              "state": "passed",
              "speed": "fast",
              "pass": true,
              "fail": false,
              "pending": false,
              "context": null,
              "code": "cy.request({\n  method: \"GET\",\n  url: baseUrl + endpointPet + '/9999999999',\n  failOnStatusCode: false\n}).then(responseNotFoundFlexible);",
              "err": {},
              "uuid": "df629dc8-1484-46d4-8639-cc2a95a2a253",
              "parentUUID": "50482163-efab-42e7-8856-b0020393c44c",
              "isHook": false,
              "skipped": false
            },
            {
              "title": "[Negative] Add pet with missing name should return error (PS-TC-007)",
              "fullTitle": "Petstore - CRUD & Validation [Negative] Add pet with missing name should return error (PS-TC-007)",
              "timedOut": null,
              "duration": 275,
              "state": "passed",
              "speed": "fast",
              "pass": true,
              "fail": false,
              "pending": false,
              "context": null,
              "code": "cy.request({\n  method: \"POST\",\n  url: baseUrl + endpointPet,\n  body: invalidNoName,\n  failOnStatusCode: false\n}).then(responseBadRequestOrUnexpected);",
              "err": {},
              "uuid": "aaf42070-5fd7-4e29-84ad-0a8a1bef29f2",
              "parentUUID": "50482163-efab-42e7-8856-b0020393c44c",
              "isHook": false,
              "skipped": false
            },
            {
              "title": "[Negative] Get pet by string id should return error (PS-TC-008)",
              "fullTitle": "Petstore - CRUD & Validation [Negative] Get pet by string id should return error (PS-TC-008)",
              "timedOut": null,
              "duration": 275,
              "state": "passed",
              "speed": "fast",
              "pass": true,
              "fail": false,
              "pending": false,
              "context": null,
              "code": "cy.request({\n  method: \"GET\",\n  url: baseUrl + endpointPet + '/' + invalidStringId,\n  failOnStatusCode: false\n}).then(responseBadRequestOrUnexpected);",
              "err": {},
              "uuid": "72ccce43-3675-4709-9426-caf30b44b05e",
              "parentUUID": "50482163-efab-42e7-8856-b0020393c44c",
              "isHook": false,
              "skipped": false
            },
            {
              "title": "[Negative] Update pet with missing status (PS-TC-009)",
              "fullTitle": "Petstore - CRUD & Validation [Negative] Update pet with missing status (PS-TC-009)",
              "timedOut": null,
              "duration": 272,
              "state": "passed",
              "speed": "fast",
              "pass": true,
              "fail": false,
              "pending": false,
              "context": null,
              "code": "const invalidUpdate = _objectSpread({}, pet1);\ndelete invalidUpdate.status;\ncy.request({\n  method: \"PUT\",\n  url: baseUrl + endpointPet,\n  body: invalidUpdate,\n  failOnStatusCode: false\n}).then(responseBadRequestOrUnexpected);",
              "err": {},
              "uuid": "724cb0c5-ee4d-4668-802d-81da954cf607",
              "parentUUID": "50482163-efab-42e7-8856-b0020393c44c",
              "isHook": false,
              "skipped": false
            },
            {
              "title": "[Negative] Delete non-existing pet should return error (PS-TC-010)",
              "fullTitle": "Petstore - CRUD & Validation [Negative] Delete non-existing pet should return error (PS-TC-010)",
              "timedOut": null,
              "duration": 274,
              "state": "passed",
              "speed": "fast",
              "pass": true,
              "fail": false,
              "pending": false,
              "context": null,
              "code": "cy.request({\n  method: \"DELETE\",\n  url: baseUrl + endpointPet + '/9999999999',\n  failOnStatusCode: false\n}).then(responseNotFoundFlexible);",
              "err": {},
              "uuid": "6ff36a23-909e-4804-bdcc-e520aeac764b",
              "parentUUID": "50482163-efab-42e7-8856-b0020393c44c",
              "isHook": false,
              "skipped": false
            }
          ],
          "suites": [],
          "passes": [
            "35e8203e-6eeb-4b72-9710-af3545eafb77",
            "b7413a12-92af-4b01-9f44-be8b1bc31e62",
            "9794bd27-8df9-4455-9008-160d1bd6a52a",
            "e2da30c2-6902-40c1-ae15-dec521e33417",
            "cc2cd8fa-7d17-46b8-8160-abee3114f336",
            "df629dc8-1484-46d4-8639-cc2a95a2a253",
            "aaf42070-5fd7-4e29-84ad-0a8a1bef29f2",
            "72ccce43-3675-4709-9426-caf30b44b05e",
            "724cb0c5-ee4d-4668-802d-81da954cf607",
            "6ff36a23-909e-4804-bdcc-e520aeac764b"
          ],
          "failures": [],
          "pending": [],
          "skipped": [],
          "duration": 4518,
          "root": false,
          "rootEmpty": false,
          "_timeout": 2000
        }
      ],
      "passes": [],
      "failures": [],
      "pending": [],
      "skipped": [],
      "duration": 0,
      "root": true,
      "rootEmpty": true,
      "_timeout": 2000
    }
  ],
  "meta": {
    "mocha": {
      "version": "7.2.0"
    },
    "mochawesome": {
      "options": {
        "quiet": false,
        "reportFilename": "mochawesome",
        "saveHtml": true,
        "saveJson": true,
        "consoleReporter": "spec",
        "useInlineDiffs": false,
        "code": true
      },
      "version": "7.1.3"
    },
    "marge": {
      "options": {
        "reportDir": "cypress/reports",
        "overwrite": false,
        "html": true,
        "json": true
      },
      "version": "6.2.0"
    }
  }
}